<?xml version="1.0" encoding="UTF-8"?>
<!-- Generated by org.testng.reporters.JUnitXMLReporter -->
<testsuite ignored="0" hostname="LAPTOP-POCHI3TQ" failures="0" tests="4" name="Default test" time="17.151" errors="0" timestamp="2024-01-26T18:15:39 IST">
  <testcase classname="com.orangehrm.tests.LoginTest" name="testUsername" time="4.769"/>
  <testcase classname="com.orangehrm.tests.LoginTest" name="testPassword" time="0.121"/>
  <testcase classname="com.orangehrm.tests.LoginTest" name="testLogin" time="1.313"/>
  <testcase classname="com.orangehrm.tests.LoginTest" name="testLoginPage" time="0.013"/>
</testsuite> <!-- Default test -->
