<?xml version="1.0" encoding="UTF-8"?>
<!-- Generated by org.testng.reporters.JUnitXMLReporter -->
<testsuite ignored="0" hostname="LAPTOP-POCHI3TQ" failures="0" tests="4" name="Test" time="9.826" errors="0" timestamp="2024-01-26T18:16:38 IST">
  <testcase classname="com.orangehrm.tests.LoginTest" name="testUsername" time="0.481"/>
  <testcase classname="com.orangehrm.tests.LoginTest" name="testPassword" time="0.138"/>
  <testcase classname="com.orangehrm.tests.LoginTest" name="testLogin" time="1.392"/>
  <testcase classname="com.orangehrm.tests.LoginTest" name="testLoginPage" time="0.009"/>
</testsuite> <!-- Test -->
