<?xml version="1.0" encoding="UTF-8"?>
<testng-results ignored="0" total="9" passed="9" failed="0" skipped="0">
  <reporter-output>
  </reporter-output>
  <suite started-at="2024-01-29T20:11:41 IST" name="Default suite" finished-at="2024-01-29T20:12:08 IST" duration-ms="27771">
    <groups>
    </groups>
    <test started-at="2024-01-29T20:11:41 IST" name="Default test" finished-at="2024-01-29T20:12:08 IST" duration-ms="27771">
      <class name="com.orangehrm.tests.SystemUsersTest">
        <test-method is-config="true" signature="setUp()[pri:0, instance:com.orangehrm.tests.SystemUsersTest@57a78e3]" started-at="2024-01-29T20:11:41 IST" name="setUp" finished-at="2024-01-29T20:11:58 IST" duration-ms="17627" status="PASS">
          <reporter-output>
          </reporter-output>
        </test-method> <!-- setUp -->
        <test-method signature="testUsername()[pri:1, instance:com.orangehrm.tests.SystemUsersTest@57a78e3]" started-at="2024-01-29T20:11:58 IST" name="testUsername" finished-at="2024-01-29T20:11:59 IST" duration-ms="796" status="PASS">
          <reporter-output>
          </reporter-output>
        </test-method> <!-- testUsername -->
        <test-method signature="testPassword()[pri:2, instance:com.orangehrm.tests.SystemUsersTest@57a78e3]" started-at="2024-01-29T20:11:59 IST" name="testPassword" finished-at="2024-01-29T20:11:59 IST" duration-ms="127" status="PASS">
          <reporter-output>
          </reporter-output>
        </test-method> <!-- testPassword -->
        <test-method signature="testLogin()[pri:3, instance:com.orangehrm.tests.SystemUsersTest@57a78e3]" started-at="2024-01-29T20:11:59 IST" name="testLogin" finished-at="2024-01-29T20:11:59 IST" duration-ms="80" status="PASS">
          <reporter-output>
          </reporter-output>
        </test-method> <!-- testLogin -->
        <test-method signature="testLoginPage()[pri:4, instance:com.orangehrm.tests.SystemUsersTest@57a78e3]" started-at="2024-01-29T20:11:59 IST" name="testLoginPage" finished-at="2024-01-29T20:12:00 IST" duration-ms="1198" status="PASS">
          <reporter-output>
          </reporter-output>
        </test-method> <!-- testLoginPage -->
        <test-method signature="testAdmin()[pri:5, instance:com.orangehrm.tests.SystemUsersTest@57a78e3]" started-at="2024-01-29T20:12:00 IST" name="testAdmin" finished-at="2024-01-29T20:12:06 IST" duration-ms="5582" status="PASS">
          <reporter-output>
          </reporter-output>
        </test-method> <!-- testAdmin -->
        <test-method signature="testSystemUsersPageNavigation()[pri:6, instance:com.orangehrm.tests.SystemUsersTest@57a78e3]" started-at="2024-01-29T20:12:06 IST" name="testSystemUsersPageNavigation" finished-at="2024-01-29T20:12:06 IST" duration-ms="8" status="PASS">
          <reporter-output>
          </reporter-output>
        </test-method> <!-- testSystemUsersPageNavigation -->
        <test-method signature="testUsernameOnAdminPage()[pri:7, instance:com.orangehrm.tests.SystemUsersTest@57a78e3]" started-at="2024-01-29T20:12:06 IST" name="testUsernameOnAdminPage" finished-at="2024-01-29T20:12:07 IST" duration-ms="910" status="PASS">
          <reporter-output>
          </reporter-output>
        </test-method> <!-- testUsernameOnAdminPage -->
        <test-method signature="testSearch()[pri:8, instance:com.orangehrm.tests.SystemUsersTest@57a78e3]" started-at="2024-01-29T20:12:07 IST" name="testSearch" finished-at="2024-01-29T20:12:07 IST" duration-ms="71" status="PASS">
          <reporter-output>
          </reporter-output>
        </test-method> <!-- testSearch -->
        <test-method signature="testUsernameDisplayOnPage()[pri:9, instance:com.orangehrm.tests.SystemUsersTest@57a78e3]" started-at="2024-01-29T20:12:07 IST" name="testUsernameDisplayOnPage" finished-at="2024-01-29T20:12:08 IST" duration-ms="974" status="PASS">
          <reporter-output>
          </reporter-output>
        </test-method> <!-- testUsernameDisplayOnPage -->
        <test-method is-config="true" signature="tearDown()[pri:0, instance:com.orangehrm.tests.SystemUsersTest@57a78e3]" started-at="2024-01-29T20:12:08 IST" name="tearDown" finished-at="2024-01-29T20:12:08 IST" duration-ms="336" status="PASS">
          <reporter-output>
          </reporter-output>
        </test-method> <!-- tearDown -->
      </class> <!-- com.orangehrm.tests.SystemUsersTest -->
    </test> <!-- Default test -->
  </suite> <!-- Default suite -->
</testng-results>
