<?xml version="1.0" encoding="UTF-8"?>
<testng-results ignored="0" total="15" passed="15" failed="0" skipped="0">
  <reporter-output>
  </reporter-output>
  <suite started-at="2024-01-30T18:25:44 IST" name="Suite" finished-at="2024-01-30T18:26:18 IST" duration-ms="33492">
    <groups>
    </groups>
    <test started-at="2024-01-30T18:25:44 IST" name="Test" finished-at="2024-01-30T18:26:18 IST" duration-ms="33492">
      <class name="com.orangehrm.tests.AddEmployeeTest">
        <test-method is-config="true" signature="setUp()[pri:0, instance:com.orangehrm.tests.AddEmployeeTest@6c284af]" started-at="2024-01-30T18:25:44 IST" name="setUp" finished-at="2024-01-30T18:25:51 IST" duration-ms="6897" status="PASS">
          <reporter-output>
          </reporter-output>
        </test-method> <!-- setUp -->
        <test-method signature="testUsername()[pri:1, instance:com.orangehrm.tests.AddEmployeeTest@6c284af]" started-at="2024-01-30T18:25:51 IST" name="testUsername" finished-at="2024-01-30T18:25:52 IST" duration-ms="863" status="PASS">
          <reporter-output>
          </reporter-output>
        </test-method> <!-- testUsername -->
        <test-method signature="testPassword()[pri:2, instance:com.orangehrm.tests.AddEmployeeTest@6c284af]" started-at="2024-01-30T18:25:52 IST" name="testPassword" finished-at="2024-01-30T18:25:52 IST" duration-ms="128" status="PASS">
          <reporter-output>
          </reporter-output>
        </test-method> <!-- testPassword -->
        <test-method signature="testLogin()[pri:3, instance:com.orangehrm.tests.AddEmployeeTest@6c284af]" started-at="2024-01-30T18:25:52 IST" name="testLogin" finished-at="2024-01-30T18:25:52 IST" duration-ms="78" status="PASS">
          <reporter-output>
          </reporter-output>
        </test-method> <!-- testLogin -->
        <test-method signature="testLoginPage()[pri:4, instance:com.orangehrm.tests.AddEmployeeTest@6c284af]" started-at="2024-01-30T18:25:52 IST" name="testLoginPage" finished-at="2024-01-30T18:25:54 IST" duration-ms="1219" status="PASS">
          <reporter-output>
          </reporter-output>
        </test-method> <!-- testLoginPage -->
        <test-method signature="testPIM()[pri:5, instance:com.orangehrm.tests.AddEmployeeTest@6c284af]" started-at="2024-01-30T18:25:54 IST" name="testPIM" finished-at="2024-01-30T18:25:55 IST" duration-ms="1733" status="PASS">
          <reporter-output>
          </reporter-output>
        </test-method> <!-- testPIM -->
        <test-method signature="testPIMPageNavigation()[pri:6, instance:com.orangehrm.tests.AddEmployeeTest@6c284af]" started-at="2024-01-30T18:25:55 IST" name="testPIMPageNavigation" finished-at="2024-01-30T18:25:55 IST" duration-ms="11" status="PASS">
          <reporter-output>
          </reporter-output>
        </test-method> <!-- testPIMPageNavigation -->
        <test-method signature="testAddEmployee()[pri:7, instance:com.orangehrm.tests.AddEmployeeTest@6c284af]" started-at="2024-01-30T18:25:55 IST" name="testAddEmployee" finished-at="2024-01-30T18:26:02 IST" duration-ms="6455" status="PASS">
          <reporter-output>
          </reporter-output>
        </test-method> <!-- testAddEmployee -->
        <test-method signature="testAddEmployeePageNavigation()[pri:8, instance:com.orangehrm.tests.AddEmployeeTest@6c284af]" started-at="2024-01-30T18:26:02 IST" name="testAddEmployeePageNavigation" finished-at="2024-01-30T18:26:02 IST" duration-ms="17" status="PASS">
          <reporter-output>
          </reporter-output>
        </test-method> <!-- testAddEmployeePageNavigation -->
        <test-method signature="testFirstName()[pri:9, instance:com.orangehrm.tests.AddEmployeeTest@6c284af]" started-at="2024-01-30T18:26:02 IST" name="testFirstName" finished-at="2024-01-30T18:26:02 IST" duration-ms="140" status="PASS">
          <reporter-output>
          </reporter-output>
        </test-method> <!-- testFirstName -->
        <test-method signature="testMiddleName()[pri:10, instance:com.orangehrm.tests.AddEmployeeTest@6c284af]" started-at="2024-01-30T18:26:02 IST" name="testMiddleName" finished-at="2024-01-30T18:26:02 IST" duration-ms="94" status="PASS">
          <reporter-output>
          </reporter-output>
        </test-method> <!-- testMiddleName -->
        <test-method signature="testLastName()[pri:11, instance:com.orangehrm.tests.AddEmployeeTest@6c284af]" started-at="2024-01-30T18:26:02 IST" name="testLastName" finished-at="2024-01-30T18:26:02 IST" duration-ms="82" status="PASS">
          <reporter-output>
          </reporter-output>
        </test-method> <!-- testLastName -->
        <test-method signature="testEmployeeId()[pri:12, instance:com.orangehrm.tests.AddEmployeeTest@6c284af]" started-at="2024-01-30T18:26:02 IST" name="testEmployeeId" finished-at="2024-01-30T18:26:07 IST" duration-ms="5207" status="PASS">
          <reporter-output>
          </reporter-output>
        </test-method> <!-- testEmployeeId -->
        <test-method signature="testSave()[pri:13, instance:com.orangehrm.tests.AddEmployeeTest@6c284af]" started-at="2024-01-30T18:26:07 IST" name="testSave" finished-at="2024-01-30T18:26:17 IST" duration-ms="10082" status="PASS">
          <reporter-output>
          </reporter-output>
        </test-method> <!-- testSave -->
        <test-method signature="testEmployeePersonalDetailsPageNavigation()[pri:14, instance:com.orangehrm.tests.AddEmployeeTest@6c284af]" started-at="2024-01-30T18:26:17 IST" name="testEmployeePersonalDetailsPageNavigation" finished-at="2024-01-30T18:26:17 IST" duration-ms="16" status="PASS">
          <reporter-output>
          </reporter-output>
        </test-method> <!-- testEmployeePersonalDetailsPageNavigation -->
        <test-method signature="testEmployeeName()[pri:15, instance:com.orangehrm.tests.AddEmployeeTest@6c284af]" started-at="2024-01-30T18:26:17 IST" name="testEmployeeName" finished-at="2024-01-30T18:26:17 IST" duration-ms="42" status="PASS">
          <reporter-output>
          </reporter-output>
        </test-method> <!-- testEmployeeName -->
        <test-method is-config="true" signature="tearDown()[pri:0, instance:com.orangehrm.tests.AddEmployeeTest@6c284af]" started-at="2024-01-30T18:26:17 IST" name="tearDown" finished-at="2024-01-30T18:26:18 IST" duration-ms="188" status="PASS">
          <reporter-output>
          </reporter-output>
        </test-method> <!-- tearDown -->
      </class> <!-- com.orangehrm.tests.AddEmployeeTest -->
    </test> <!-- Test -->
  </suite> <!-- Suite -->
</testng-results>
